[Sat Apr 19 07:30:15 2025] PHP Warning:  PHP Startup: Unable to load dynamic library 'pdo_mysql.so' (tried: /usr/lib/php/20240924/pdo_mysql.so (/usr/lib/php/20240924/pdo_mysql.so: undefined symbol: mysqlnd_get_client_info), /usr/lib/php/20240924/pdo_mysql.so.so (/usr/lib/php/20240924/pdo_mysql.so.so: cannot open shared object file: No such file or directory)) in Unknown on line 0
[Sat Apr 19 07:30:15 2025] PHP 8.4.5 Development Server (http://localhost:2525) started
[Sat Apr 19 07:30:21 2025] [::1]:36890 Accepted
[Sat Apr 19 07:30:21 2025] [::1]:36890 [302]: GET /
[Sat Apr 19 07:30:21 2025] [::1]:36890 Closing
[Sat Apr 19 07:30:22 2025] [::1]:36896 Accepted
[Sat Apr 19 07:30:22 2025] [::1]:36896 [200]: GET /login.php
[Sat Apr 19 07:30:22 2025] [::1]:36896 Closing
[Sat Apr 19 07:30:22 2025] [::1]:36912 Accepted
[Sat Apr 19 07:30:22 2025] [::1]:36926 Accepted
[Sat Apr 19 07:30:22 2025] [::1]:36912 [200]: GET /assets/css/bootstrap.min.css
[Sat Apr 19 07:30:22 2025] [::1]:36926 [200]: GET /assets/css/style.css
[Sat Apr 19 07:30:22 2025] [::1]:36912 Closing
[Sat Apr 19 07:30:22 2025] [::1]:36926 Closing
[Sat Apr 19 07:30:25 2025] [::1]:36928 Accepted
[Sat Apr 19 07:30:25 2025] [::1]:36928 [200]: POST /login.php
[Sat Apr 19 07:30:25 2025] [::1]:36928 Closing
[Sat Apr 19 07:30:25 2025] [::1]:36936 Accepted
[Sat Apr 19 07:30:25 2025] [::1]:36938 Accepted
[Sat Apr 19 07:30:25 2025] [::1]:36936 [200]: GET /assets/css/style.css
[Sat Apr 19 07:30:25 2025] [::1]:36936 Closing
[Sat Apr 19 07:30:25 2025] [::1]:36938 [200]: GET /assets/css/bootstrap.min.css
[Sat Apr 19 07:30:25 2025] [::1]:36938 Closing
[Sat Apr 19 07:30:26 2025] [::1]:36940 Accepted
[Sat Apr 19 07:30:26 2025] [::1]:36940 [200]: GET /panel.php
[Sat Apr 19 07:30:26 2025] [::1]:36940 Closing
[Sat Apr 19 07:30:26 2025] [::1]:36954 Accepted
[Sat Apr 19 07:30:26 2025] [::1]:36964 Accepted
[Sat Apr 19 07:30:26 2025] [::1]:36954 [200]: GET /assets/js/jquery.min.js
[Sat Apr 19 07:30:26 2025] [::1]:36974 Accepted
[Sat Apr 19 07:30:26 2025] [::1]:36964 [200]: GET /assets/css/bootstrap.min.css
[Sat Apr 19 07:30:26 2025] [::1]:36974 [200]: GET /assets/css/light-theme.min.css
[Sat Apr 19 07:30:26 2025] [::1]:36986 Accepted
[Sat Apr 19 07:30:26 2025] [::1]:36954 Closing
[Sat Apr 19 07:30:26 2025] [::1]:36964 Closing
[Sat Apr 19 07:30:26 2025] [::1]:36974 Closing
[Sat Apr 19 07:30:26 2025] [::1]:36986 [200]: GET /assets/js/script.js
[Sat Apr 19 07:30:26 2025] [::1]:36994 Accepted
[Sat Apr 19 07:30:26 2025] [::1]:36998 Accepted
[Sat Apr 19 07:30:26 2025] [::1]:36994 [200]: GET /assets/js/sweetalert2.min.js
[Sat Apr 19 07:30:26 2025] [::1]:36998 [200]: GET /assets/js/growl-notification.min.js
[Sat Apr 19 07:30:26 2025] [::1]:36986 Closing
[Sat Apr 19 07:30:26 2025] [::1]:36994 Closing
[Sat Apr 19 07:30:26 2025] [::1]:36998 Closing
[Sat Apr 19 07:30:26 2025] [::1]:37008 Accepted
[Sat Apr 19 07:30:26 2025] [::1]:37008 [200]: GET /Settings.json
[Sat Apr 19 07:30:26 2025] [::1]:37008 Closing
[Sat Apr 19 07:30:26 2025] [::1]:37024 Accepted
[Sat Apr 19 07:30:26 2025] [::1]:37024 [200]: POST /list_templates.php
[Sat Apr 19 07:30:26 2025] [::1]:37024 Closing
[Sat Apr 19 07:30:29 2025] [::1]:37026 Accepted
[Sat Apr 19 07:30:29 2025] [::1]:37026 [200]: POST /receiver.php
[Sat Apr 19 07:30:29 2025] [::1]:37026 Closing
[Sat Apr 19 07:30:32 2025] [::1]:42602 Accepted
[Sat Apr 19 07:30:32 2025] [::1]:42602 [200]: POST /receiver.php
[Sat Apr 19 07:30:32 2025] [::1]:42602 Closing
[Sat Apr 19 07:30:34 2025] [::1]:42616 Accepted
[Sat Apr 19 07:30:34 2025] [::1]:42616 [200]: POST /receiver.php
[Sat Apr 19 07:30:34 2025] [::1]:42616 Closing
[Sat Apr 19 07:30:36 2025] [::1]:42632 Accepted
[Sat Apr 19 07:30:36 2025] [::1]:42632 [200]: POST /receiver.php
[Sat Apr 19 07:30:36 2025] [::1]:42632 Closing
[Sat Apr 19 07:30:38 2025] [::1]:42636 Accepted
[Sat Apr 19 07:30:38 2025] [::1]:42636 [200]: POST /receiver.php
[Sat Apr 19 07:30:38 2025] [::1]:42636 Closing
[Sat Apr 19 07:30:40 2025] [::1]:42652 Accepted
[Sat Apr 19 07:30:40 2025] [::1]:42652 [200]: POST /receiver.php
[Sat Apr 19 07:30:40 2025] [::1]:42652 Closing
[Sat Apr 19 07:30:42 2025] [::1]:42232 Accepted
[Sat Apr 19 07:30:42 2025] [::1]:42232 [200]: POST /receiver.php
[Sat Apr 19 07:30:42 2025] [::1]:42232 Closing
[Sat Apr 19 07:30:44 2025] [::1]:42246 Accepted
[Sat Apr 19 07:30:44 2025] [::1]:42246 [200]: POST /receiver.php
[Sat Apr 19 07:30:44 2025] [::1]:42246 Closing
[Sat Apr 19 07:30:46 2025] [::1]:42258 Accepted
[Sat Apr 19 07:30:46 2025] [::1]:42258 [200]: POST /receiver.php
[Sat Apr 19 07:30:46 2025] [::1]:42258 Closing
[Sat Apr 19 07:30:48 2025] [::1]:42274 Accepted
[Sat Apr 19 07:30:48 2025] [::1]:42274 [200]: POST /receiver.php
[Sat Apr 19 07:30:48 2025] [::1]:42274 Closing
[Sat Apr 19 07:30:50 2025] [::1]:42282 Accepted
[Sat Apr 19 07:30:50 2025] [::1]:42282 [200]: POST /receiver.php
[Sat Apr 19 07:30:50 2025] [::1]:42282 Closing
[Sat Apr 19 07:30:52 2025] [::1]:39944 Accepted
[Sat Apr 19 07:30:52 2025] [::1]:39944 [200]: POST /receiver.php
[Sat Apr 19 07:30:52 2025] [::1]:39944 Closing
[Sat Apr 19 07:30:54 2025] [::1]:39948 Accepted
[Sat Apr 19 07:30:54 2025] [::1]:39948 [200]: POST /receiver.php
[Sat Apr 19 07:30:54 2025] [::1]:39948 Closing
[Sat Apr 19 07:30:56 2025] [::1]:39952 Accepted
[Sat Apr 19 07:30:56 2025] [::1]:39952 [200]: POST /receiver.php
[Sat Apr 19 07:30:56 2025] [::1]:39952 Closing
[Sat Apr 19 07:30:58 2025] [::1]:39954 Accepted
[Sat Apr 19 07:30:58 2025] [::1]:39954 [200]: POST /receiver.php
[Sat Apr 19 07:30:58 2025] [::1]:39954 Closing
[Sat Apr 19 07:31:00 2025] [::1]:39960 Accepted
[Sat Apr 19 07:31:00 2025] [::1]:39960 [200]: POST /receiver.php
[Sat Apr 19 07:31:00 2025] [::1]:39960 Closing
[Sat Apr 19 07:31:02 2025] [::1]:53806 Accepted
[Sat Apr 19 07:31:02 2025] [::1]:53806 [200]: POST /receiver.php
[Sat Apr 19 07:31:02 2025] [::1]:53806 Closing
[Sat Apr 19 07:31:04 2025] [::1]:53814 Accepted
[Sat Apr 19 07:31:04 2025] [::1]:53814 [200]: POST /receiver.php
[Sat Apr 19 07:31:04 2025] [::1]:53814 Closing
[Sat Apr 19 07:31:06 2025] [::1]:53816 Accepted
[Sat Apr 19 07:31:06 2025] [::1]:53816 [200]: POST /receiver.php
[Sat Apr 19 07:31:06 2025] [::1]:53816 Closing
[Sat Apr 19 07:31:08 2025] [::1]:53832 Accepted
[Sat Apr 19 07:31:08 2025] [::1]:53832 [200]: POST /receiver.php
[Sat Apr 19 07:31:08 2025] [::1]:53832 Closing
[Sat Apr 19 07:31:10 2025] [::1]:53838 Accepted
[Sat Apr 19 07:31:10 2025] [::1]:53838 [200]: POST /receiver.php
[Sat Apr 19 07:31:10 2025] [::1]:53838 Closing
[Sat Apr 19 07:31:12 2025] [::1]:50200 Accepted
[Sat Apr 19 07:31:12 2025] [::1]:50200 [200]: POST /receiver.php
[Sat Apr 19 07:31:12 2025] [::1]:50200 Closing
[Sat Apr 19 07:31:14 2025] [::1]:50214 Accepted
[Sat Apr 19 07:31:14 2025] [::1]:50214 [200]: POST /receiver.php
[Sat Apr 19 07:31:14 2025] [::1]:50214 Closing
[Sat Apr 19 07:31:16 2025] [::1]:50224 Accepted
[Sat Apr 19 07:31:16 2025] [::1]:50224 [200]: POST /receiver.php
[Sat Apr 19 07:31:16 2025] [::1]:50224 Closing
[Sat Apr 19 07:31:18 2025] [::1]:50230 Accepted
[Sat Apr 19 07:31:18 2025] [::1]:50230 [200]: POST /receiver.php
[Sat Apr 19 07:31:18 2025] [::1]:50230 Closing
[Sat Apr 19 07:31:20 2025] [::1]:50232 Accepted
[Sat Apr 19 07:31:20 2025] [::1]:50232 [200]: POST /receiver.php
[Sat Apr 19 07:31:20 2025] [::1]:50232 Closing
[Sat Apr 19 07:31:22 2025] [::1]:42766 Accepted
[Sat Apr 19 07:31:22 2025] [::1]:42766 [200]: POST /receiver.php
[Sat Apr 19 07:31:22 2025] [::1]:42766 Closing
[Sat Apr 19 07:31:24 2025] [::1]:42770 Accepted
[Sat Apr 19 07:31:24 2025] [::1]:42770 [200]: POST /receiver.php
[Sat Apr 19 07:31:24 2025] [::1]:42770 Closing
[Sat Apr 19 07:31:26 2025] [::1]:42772 Accepted
[Sat Apr 19 07:31:26 2025] [::1]:42772 [200]: POST /receiver.php
[Sat Apr 19 07:31:26 2025] [::1]:42772 Closing
[Sat Apr 19 07:31:28 2025] [::1]:42780 Accepted
[Sat Apr 19 07:31:28 2025] [::1]:42780 [200]: POST /receiver.php
[Sat Apr 19 07:31:28 2025] [::1]:42780 Closing
[Sat Apr 19 07:31:30 2025] [::1]:42788 Accepted
[Sat Apr 19 07:31:30 2025] [::1]:42788 [200]: POST /receiver.php
[Sat Apr 19 07:31:30 2025] [::1]:42788 Closing
[Sat Apr 19 07:31:32 2025] [::1]:39800 Accepted
[Sat Apr 19 07:31:32 2025] [::1]:39800 [200]: POST /receiver.php
[Sat Apr 19 07:31:32 2025] [::1]:39800 Closing
[Sat Apr 19 07:31:34 2025] [::1]:39812 Accepted
[Sat Apr 19 07:31:34 2025] [::1]:39812 [200]: POST /receiver.php
[Sat Apr 19 07:31:34 2025] [::1]:39812 Closing
[Sat Apr 19 07:31:36 2025] [::1]:39814 Accepted
[Sat Apr 19 07:31:36 2025] [::1]:39814 [200]: POST /receiver.php
[Sat Apr 19 07:31:36 2025] [::1]:39814 Closing
[Sat Apr 19 07:31:38 2025] [::1]:39822 Accepted
[Sat Apr 19 07:31:38 2025] [::1]:39822 [200]: POST /receiver.php
[Sat Apr 19 07:31:38 2025] [::1]:39822 Closing
[Sat Apr 19 07:31:40 2025] [::1]:39824 Accepted
[Sat Apr 19 07:31:40 2025] [::1]:39824 [200]: POST /receiver.php
[Sat Apr 19 07:31:40 2025] [::1]:39824 Closing
[Sat Apr 19 07:31:42 2025] [::1]:56222 Accepted
[Sat Apr 19 07:31:42 2025] [::1]:56222 [200]: POST /receiver.php
[Sat Apr 19 07:31:42 2025] [::1]:56222 Closing
[Sat Apr 19 07:31:44 2025] [::1]:56236 Accepted
[Sat Apr 19 07:31:44 2025] [::1]:56236 [200]: POST /receiver.php
[Sat Apr 19 07:31:44 2025] [::1]:56236 Closing
[Sat Apr 19 07:31:46 2025] [::1]:56242 Accepted
[Sat Apr 19 07:31:46 2025] [::1]:56242 [200]: POST /receiver.php
[Sat Apr 19 07:31:46 2025] [::1]:56242 Closing
[Sat Apr 19 07:31:48 2025] [::1]:56254 Accepted
[Sat Apr 19 07:31:48 2025] [::1]:56254 [200]: POST /receiver.php
[Sat Apr 19 07:31:48 2025] [::1]:56254 Closing
[Sat Apr 19 07:31:50 2025] [::1]:56262 Accepted
[Sat Apr 19 07:31:50 2025] [::1]:56262 [200]: POST /receiver.php
[Sat Apr 19 07:31:50 2025] [::1]:56262 Closing
[Sat Apr 19 07:31:52 2025] [::1]:38714 Accepted
[Sat Apr 19 07:31:52 2025] [::1]:38714 [200]: POST /receiver.php
[Sat Apr 19 07:31:52 2025] [::1]:38714 Closing
[Sat Apr 19 07:31:54 2025] [::1]:38724 Accepted
[Sat Apr 19 07:31:54 2025] [::1]:38724 [200]: POST /receiver.php
[Sat Apr 19 07:31:54 2025] [::1]:38724 Closing
[Sat Apr 19 07:31:56 2025] [::1]:38732 Accepted
[Sat Apr 19 07:31:56 2025] [::1]:38732 [200]: POST /receiver.php
[Sat Apr 19 07:31:56 2025] [::1]:38732 Closing
[Sat Apr 19 07:31:58 2025] [::1]:38736 Accepted
[Sat Apr 19 07:31:58 2025] [::1]:38736 [200]: POST /receiver.php
[Sat Apr 19 07:31:58 2025] [::1]:38736 Closing
[Sat Apr 19 07:32:00 2025] [::1]:38738 Accepted
[Sat Apr 19 07:32:00 2025] [::1]:38738 [200]: POST /receiver.php
[Sat Apr 19 07:32:00 2025] [::1]:38738 Closing
[Sat Apr 19 07:32:02 2025] [::1]:41648 Accepted
[Sat Apr 19 07:32:02 2025] [::1]:41648 [200]: POST /receiver.php
[Sat Apr 19 07:32:02 2025] [::1]:41648 Closing
[Sat Apr 19 07:32:04 2025] [::1]:41662 Accepted
[Sat Apr 19 07:32:04 2025] [::1]:41662 [200]: POST /receiver.php
[Sat Apr 19 07:32:04 2025] [::1]:41662 Closing
[Sat Apr 19 07:32:12 2025] [::1]:44550 Accepted
[Sat Apr 19 07:32:12 2025] [::1]:44550 [302]: GET /
[Sat Apr 19 07:32:12 2025] [::1]:44550 Closing
[Sat Apr 19 07:32:13 2025] [::1]:44556 Accepted
[Sat Apr 19 07:32:13 2025] [::1]:44556 [200]: GET /panel.php
[Sat Apr 19 07:32:13 2025] [::1]:44556 Closing
[Sat Apr 19 07:32:13 2025] [::1]:44570 Accepted
[Sat Apr 19 07:32:13 2025] [::1]:44570 [200]: GET /assets/css/bootstrap.min.css
[Sat Apr 19 07:32:13 2025] [::1]:44570 Closing
[Sat Apr 19 07:32:13 2025] [::1]:44580 Accepted
[Sat Apr 19 07:32:13 2025] [::1]:44592 Accepted
[Sat Apr 19 07:32:13 2025] [::1]:44600 Accepted
[Sat Apr 19 07:32:13 2025] [::1]:44606 Accepted
[Sat Apr 19 07:32:13 2025] [::1]:44612 Accepted
[Sat Apr 19 07:32:13 2025] [::1]:44600 [200]: GET /assets/js/sweetalert2.min.js
[Sat Apr 19 07:32:13 2025] [::1]:44606 [200]: GET /assets/js/growl-notification.min.js
[Sat Apr 19 07:32:13 2025] [::1]:44580 [200]: GET /assets/js/jquery.min.js
[Sat Apr 19 07:32:13 2025] [::1]:44592 [200]: GET /assets/css/light-theme.min.css
[Sat Apr 19 07:32:13 2025] [::1]:44612 [200]: GET /assets/js/script.js
[Sat Apr 19 07:32:13 2025] [::1]:44600 Closing
[Sat Apr 19 07:32:13 2025] [::1]:44606 Closing
[Sat Apr 19 07:32:13 2025] [::1]:44580 Closing
[Sat Apr 19 07:32:13 2025] [::1]:44592 Closing
[Sat Apr 19 07:32:13 2025] [::1]:44612 Closing
[Sat Apr 19 07:32:13 2025] [::1]:44616 Accepted
[Sat Apr 19 07:32:13 2025] [::1]:44616 [200]: POST /list_templates.php
[Sat Apr 19 07:32:13 2025] [::1]:44616 Closing
[Sat Apr 19 07:32:13 2025] [::1]:44630 Accepted
[Sat Apr 19 07:32:13 2025] [::1]:44630 [200]: GET /Settings.json
[Sat Apr 19 07:32:13 2025] [::1]:44630 Closing
[Sat Apr 19 07:32:16 2025] [::1]:44646 Accepted
[Sat Apr 19 07:32:16 2025] [::1]:44646 [200]: POST /receiver.php
[Sat Apr 19 07:32:16 2025] [::1]:44646 Closing
[Sat Apr 19 07:32:18 2025] [::1]:44654 Accepted
[Sat Apr 19 07:32:18 2025] [::1]:44654 [200]: POST /receiver.php
[Sat Apr 19 07:32:18 2025] [::1]:44654 Closing
[Sat Apr 19 07:32:20 2025] [::1]:39936 Accepted
[Sat Apr 19 07:32:20 2025] [::1]:39936 [200]: POST /receiver.php
[Sat Apr 19 07:32:20 2025] [::1]:39936 Closing
[Sat Apr 19 07:32:22 2025] [::1]:39948 Accepted
[Sat Apr 19 07:32:22 2025] [::1]:39948 [200]: POST /receiver.php
[Sat Apr 19 07:32:22 2025] [::1]:39948 Closing
[Sat Apr 19 07:32:24 2025] [::1]:39956 Accepted
[Sat Apr 19 07:32:24 2025] [::1]:39956 [200]: POST /receiver.php
[Sat Apr 19 07:32:24 2025] [::1]:39956 Closing
[Sat Apr 19 07:32:26 2025] [::1]:39964 Accepted
[Sat Apr 19 07:32:26 2025] [::1]:39964 [200]: POST /receiver.php
[Sat Apr 19 07:32:26 2025] [::1]:39964 Closing
[Sat Apr 19 07:32:28 2025] [::1]:39966 Accepted
[Sat Apr 19 07:32:28 2025] [::1]:39966 [200]: POST /receiver.php
[Sat Apr 19 07:32:28 2025] [::1]:39966 Closing
[Sat Apr 19 07:32:30 2025] [::1]:42690 Accepted
[Sat Apr 19 07:32:30 2025] [::1]:42690 [200]: POST /receiver.php
[Sat Apr 19 07:32:30 2025] [::1]:42690 Closing
[Sat Apr 19 07:32:32 2025] [::1]:42694 Accepted
[Sat Apr 19 07:32:32 2025] [::1]:42694 [200]: POST /receiver.php
[Sat Apr 19 07:32:32 2025] [::1]:42694 Closing
[Sat Apr 19 07:32:34 2025] [::1]:42696 Accepted
[Sat Apr 19 07:32:34 2025] [::1]:42696 [200]: POST /receiver.php
[Sat Apr 19 07:32:34 2025] [::1]:42696 Closing
[Sat Apr 19 07:32:36 2025] [::1]:42698 Accepted
[Sat Apr 19 07:32:36 2025] [::1]:42698 [200]: POST /receiver.php
[Sat Apr 19 07:32:36 2025] [::1]:42698 Closing
[Sat Apr 19 07:32:39 2025] [::1]:42706 Accepted
[Sat Apr 19 07:32:39 2025] [::1]:42706 [200]: POST /receiver.php
[Sat Apr 19 07:32:39 2025] [::1]:42706 Closing
[Sat Apr 19 07:32:41 2025] [::1]:55740 Accepted
[Sat Apr 19 07:32:41 2025] [::1]:55740 [200]: POST /receiver.php
[Sat Apr 19 07:32:41 2025] [::1]:55740 Closing
[Sat Apr 19 07:32:43 2025] [::1]:55744 Accepted
[Sat Apr 19 07:32:43 2025] [::1]:55744 [200]: POST /receiver.php
[Sat Apr 19 07:32:43 2025] [::1]:55744 Closing
[Sat Apr 19 07:32:45 2025] [::1]:55760 Accepted
[Sat Apr 19 07:32:45 2025] [::1]:55760 [200]: POST /receiver.php
[Sat Apr 19 07:32:45 2025] [::1]:55760 Closing
[Sat Apr 19 07:32:47 2025] [::1]:55776 Accepted
[Sat Apr 19 07:32:47 2025] [::1]:55776 [200]: POST /receiver.php
[Sat Apr 19 07:32:47 2025] [::1]:55776 Closing
[Sat Apr 19 07:32:49 2025] [::1]:55784 Accepted
[Sat Apr 19 07:32:49 2025] [::1]:55784 [200]: POST /receiver.php
[Sat Apr 19 07:32:49 2025] [::1]:55784 Closing
[Sat Apr 19 07:32:51 2025] [::1]:56168 Accepted
[Sat Apr 19 07:32:51 2025] [::1]:56168 [200]: POST /receiver.php
[Sat Apr 19 07:32:51 2025] [::1]:56168 Closing
[Sat Apr 19 07:32:53 2025] [::1]:56174 Accepted
[Sat Apr 19 07:32:53 2025] [::1]:56174 [200]: POST /receiver.php
[Sat Apr 19 07:32:53 2025] [::1]:56174 Closing
[Sat Apr 19 07:32:55 2025] [::1]:56186 Accepted
[Sat Apr 19 07:32:55 2025] [::1]:56186 [200]: POST /receiver.php
[Sat Apr 19 07:32:55 2025] [::1]:56186 Closing
[Sat Apr 19 07:32:57 2025] [::1]:56200 Accepted
[Sat Apr 19 07:32:57 2025] [::1]:56200 [200]: POST /receiver.php
[Sat Apr 19 07:32:57 2025] [::1]:56200 Closing
[Sat Apr 19 07:32:59 2025] [::1]:56208 Accepted
[Sat Apr 19 07:32:59 2025] [::1]:56208 [200]: POST /receiver.php
[Sat Apr 19 07:32:59 2025] [::1]:56208 Closing
[Sat Apr 19 07:33:01 2025] [::1]:35668 Accepted
[Sat Apr 19 07:33:01 2025] [::1]:35668 [200]: POST /receiver.php
[Sat Apr 19 07:33:01 2025] [::1]:35668 Closing
[Sat Apr 19 07:33:03 2025] [::1]:35676 Accepted
[Sat Apr 19 07:33:03 2025] [::1]:35676 [200]: POST /receiver.php
[Sat Apr 19 07:33:03 2025] [::1]:35676 Closing
[Sat Apr 19 07:33:05 2025] [::1]:35680 Accepted
[Sat Apr 19 07:33:05 2025] [::1]:35680 [200]: POST /receiver.php
[Sat Apr 19 07:33:05 2025] [::1]:35680 Closing
[Sat Apr 19 07:33:07 2025] [::1]:35692 Accepted
[Sat Apr 19 07:33:07 2025] [::1]:35692 [200]: POST /receiver.php
[Sat Apr 19 07:33:07 2025] [::1]:35692 Closing
[Sat Apr 19 07:33:09 2025] [::1]:35698 Accepted
[Sat Apr 19 07:33:09 2025] [::1]:35698 [200]: POST /receiver.php
[Sat Apr 19 07:33:09 2025] [::1]:35698 Closing
[Sat Apr 19 07:33:11 2025] [::1]:50724 Accepted
[Sat Apr 19 07:33:11 2025] [::1]:50724 [200]: POST /receiver.php
[Sat Apr 19 07:33:11 2025] [::1]:50724 Closing
[Sat Apr 19 07:33:13 2025] [::1]:50734 Accepted
[Sat Apr 19 07:33:13 2025] [::1]:50734 [200]: POST /receiver.php
[Sat Apr 19 07:33:13 2025] [::1]:50734 Closing
[Sat Apr 19 07:33:15 2025] [::1]:50748 Accepted
[Sat Apr 19 07:33:15 2025] [::1]:50748 [200]: POST /receiver.php
[Sat Apr 19 07:33:15 2025] [::1]:50748 Closing
[Sat Apr 19 07:33:17 2025] [::1]:50756 Accepted
[Sat Apr 19 07:33:17 2025] [::1]:50756 [200]: POST /receiver.php
[Sat Apr 19 07:33:17 2025] [::1]:50756 Closing
[Sat Apr 19 07:33:19 2025] [::1]:50768 Accepted
[Sat Apr 19 07:33:19 2025] [::1]:50768 [200]: POST /receiver.php
[Sat Apr 19 07:33:19 2025] [::1]:50768 Closing
[Sat Apr 19 07:33:21 2025] [::1]:56946 Accepted
[Sat Apr 19 07:33:21 2025] [::1]:56946 [200]: POST /receiver.php
[Sat Apr 19 07:33:21 2025] [::1]:56946 Closing
[Sat Apr 19 07:33:23 2025] [::1]:56952 Accepted
[Sat Apr 19 07:33:23 2025] [::1]:56952 [200]: POST /receiver.php
[Sat Apr 19 07:33:23 2025] [::1]:56952 Closing
[Sat Apr 19 07:33:25 2025] [::1]:56960 Accepted
[Sat Apr 19 07:33:25 2025] [::1]:56960 [200]: POST /receiver.php
[Sat Apr 19 07:33:25 2025] [::1]:56960 Closing
[Sat Apr 19 07:33:27 2025] [::1]:56976 Accepted
[Sat Apr 19 07:33:27 2025] [::1]:56976 [200]: POST /receiver.php
[Sat Apr 19 07:33:27 2025] [::1]:56976 Closing
[Sat Apr 19 07:33:29 2025] [::1]:56978 Accepted
[Sat Apr 19 07:33:29 2025] [::1]:56978 [200]: POST /receiver.php
[Sat Apr 19 07:33:29 2025] [::1]:56978 Closing
[Sat Apr 19 07:33:31 2025] [::1]:52266 Accepted
[Sat Apr 19 07:33:31 2025] [::1]:52266 [200]: POST /receiver.php
[Sat Apr 19 07:33:31 2025] [::1]:52266 Closing
[Sat Apr 19 07:33:33 2025] [::1]:52270 Accepted
[Sat Apr 19 07:33:33 2025] [::1]:52270 [200]: POST /receiver.php
[Sat Apr 19 07:33:33 2025] [::1]:52270 Closing
[Sat Apr 19 07:33:35 2025] [::1]:52282 Accepted
[Sat Apr 19 07:33:35 2025] [::1]:52282 [200]: POST /receiver.php
[Sat Apr 19 07:33:35 2025] [::1]:52282 Closing
[Sat Apr 19 07:33:37 2025] [::1]:52298 Accepted
[Sat Apr 19 07:33:37 2025] [::1]:52298 [200]: POST /receiver.php
[Sat Apr 19 07:33:37 2025] [::1]:52298 Closing
[Sat Apr 19 07:33:39 2025] [::1]:52306 Accepted
[Sat Apr 19 07:33:39 2025] [::1]:52306 [200]: POST /receiver.php
[Sat Apr 19 07:33:39 2025] [::1]:52306 Closing
[Sat Apr 19 07:33:41 2025] [::1]:46922 Accepted
[Sat Apr 19 07:33:41 2025] [::1]:46922 [200]: POST /receiver.php
[Sat Apr 19 07:33:41 2025] [::1]:46922 Closing
[Sat Apr 19 07:33:43 2025] [::1]:46928 Accepted
[Sat Apr 19 07:33:43 2025] [::1]:46928 [200]: POST /receiver.php
[Sat Apr 19 07:33:43 2025] [::1]:46928 Closing
[Sat Apr 19 07:33:45 2025] [::1]:46944 Accepted
[Sat Apr 19 07:33:45 2025] [::1]:46944 [200]: POST /receiver.php
[Sat Apr 19 07:33:45 2025] [::1]:46944 Closing
[Sat Apr 19 07:33:47 2025] [::1]:46954 Accepted
[Sat Apr 19 07:33:47 2025] [::1]:46954 [200]: POST /receiver.php
[Sat Apr 19 07:33:47 2025] [::1]:46954 Closing
[Sat Apr 19 07:33:49 2025] [::1]:46968 Accepted
[Sat Apr 19 07:33:49 2025] [::1]:46968 [200]: POST /receiver.php
[Sat Apr 19 07:33:49 2025] [::1]:46968 Closing
[Sat Apr 19 07:33:51 2025] [::1]:46956 Accepted
[Sat Apr 19 07:33:51 2025] [::1]:46956 [200]: POST /receiver.php
[Sat Apr 19 07:33:51 2025] [::1]:46956 Closing
[Sat Apr 19 07:33:53 2025] [::1]:46970 Accepted
[Sat Apr 19 07:33:53 2025] [::1]:46970 [200]: POST /receiver.php
[Sat Apr 19 07:33:53 2025] [::1]:46970 Closing
[Sat Apr 19 07:33:55 2025] [::1]:46978 Accepted
[Sat Apr 19 07:33:55 2025] [::1]:46978 [200]: POST /receiver.php
[Sat Apr 19 07:33:55 2025] [::1]:46978 Closing
[Sat Apr 19 07:33:57 2025] [::1]:46986 Accepted
[Sat Apr 19 07:33:57 2025] [::1]:46986 [200]: POST /receiver.php
[Sat Apr 19 07:33:57 2025] [::1]:46986 Closing
[Sat Apr 19 07:33:59 2025] [::1]:46990 Accepted
[Sat Apr 19 07:33:59 2025] [::1]:46990 [200]: POST /receiver.php
[Sat Apr 19 07:33:59 2025] [::1]:46990 Closing
[Sat Apr 19 07:34:01 2025] [::1]:40934 Accepted
[Sat Apr 19 07:34:01 2025] [::1]:40934 [200]: POST /receiver.php
[Sat Apr 19 07:34:01 2025] [::1]:40934 Closing
[Sat Apr 19 07:34:03 2025] [::1]:40946 Accepted
[Sat Apr 19 07:34:03 2025] [::1]:40946 [200]: POST /receiver.php
[Sat Apr 19 07:34:03 2025] [::1]:40946 Closing
[Sat Apr 19 07:34:05 2025] [::1]:40952 Accepted
[Sat Apr 19 07:34:05 2025] [::1]:40952 [200]: POST /receiver.php
[Sat Apr 19 07:34:05 2025] [::1]:40952 Closing
[Sat Apr 19 07:34:07 2025] [::1]:40958 Accepted
[Sat Apr 19 07:34:07 2025] [::1]:40958 [200]: POST /receiver.php
[Sat Apr 19 07:34:07 2025] [::1]:40958 Closing
[Sat Apr 19 07:34:09 2025] [::1]:40970 Accepted
[Sat Apr 19 07:34:09 2025] [::1]:40970 [200]: POST /receiver.php
[Sat Apr 19 07:34:09 2025] [::1]:40970 Closing
[Sat Apr 19 07:34:11 2025] [::1]:42184 Accepted
[Sat Apr 19 07:34:11 2025] [::1]:42184 [200]: POST /receiver.php
[Sat Apr 19 07:34:11 2025] [::1]:42184 Closing
[Sat Apr 19 07:34:13 2025] [::1]:42194 Accepted
[Sat Apr 19 07:34:13 2025] [::1]:42194 [200]: POST /receiver.php
[Sat Apr 19 07:34:13 2025] [::1]:42194 Closing
[Sat Apr 19 07:34:15 2025] [::1]:42196 Accepted
[Sat Apr 19 07:34:15 2025] [::1]:42196 [200]: POST /receiver.php
[Sat Apr 19 07:34:15 2025] [::1]:42196 Closing
[Sat Apr 19 07:34:17 2025] [::1]:42208 Accepted
[Sat Apr 19 07:34:17 2025] [::1]:42208 [200]: POST /receiver.php
[Sat Apr 19 07:34:17 2025] [::1]:42208 Closing
[Sat Apr 19 07:34:19 2025] [::1]:42220 Accepted
[Sat Apr 19 07:34:19 2025] [::1]:42220 [200]: POST /receiver.php
[Sat Apr 19 07:34:19 2025] [::1]:42220 Closing
[Sat Apr 19 07:34:21 2025] [::1]:55730 Accepted
[Sat Apr 19 07:34:21 2025] [::1]:55730 [200]: POST /receiver.php
[Sat Apr 19 07:34:21 2025] [::1]:55730 Closing
[Sat Apr 19 07:34:23 2025] [::1]:55746 Accepted
[Sat Apr 19 07:34:23 2025] [::1]:55746 [200]: POST /receiver.php
[Sat Apr 19 07:34:23 2025] [::1]:55746 Closing
[Sat Apr 19 07:34:25 2025] [::1]:55758 Accepted
[Sat Apr 19 07:34:25 2025] [::1]:55758 [200]: GET /templates/camera_temp/index.html
[Sat Apr 19 07:34:25 2025] [::1]:55758 Closing
[Sat Apr 19 07:34:25 2025] [::1]:55766 Accepted
[Sat Apr 19 07:34:25 2025] [::1]:55768 Accepted
[Sat Apr 19 07:34:25 2025] [::1]:55768 [200]: GET /assets/js/jquery.min.js
[Sat Apr 19 07:34:25 2025] [::1]:55766 [200]: GET /templates/camera_temp/camara.js
[Sat Apr 19 07:34:25 2025] [::1]:55768 Closing
[Sat Apr 19 07:34:25 2025] [::1]:55766 Closing
[Sat Apr 19 07:34:25 2025] [::1]:55786 Accepted
[Sat Apr 19 07:34:25 2025] [::1]:55788 Accepted
[Sat Apr 19 07:34:25 2025] [::1]:55796 Accepted
[Sat Apr 19 07:34:25 2025] [::1]:55804 Accepted
[Sat Apr 19 07:34:25 2025] [::1]:55806 Accepted
[Sat Apr 19 07:34:25 2025] [::1]:55786 [200]: GET /templates/camera_temp/IMG_20250412_204540.jpg
[Sat Apr 19 07:34:25 2025] [::1]:55816 Accepted
[Sat Apr 19 07:34:25 2025] [::1]:55788 [200]: GET /templates/camera_temp/all.css
[Sat Apr 19 07:34:25 2025] [::1]:55796 [200]: GET /assets/js/client.min.js
[Sat Apr 19 07:34:25 2025] [::1]:55804 [200]: GET /assets/js/loc.js
[Sat Apr 19 07:34:25 2025] [::1]:55822 Accepted
[Sat Apr 19 07:34:25 2025] [::1]:55806 [200]: GET /templates/camera_temp/script.js
[Sat Apr 19 07:34:25 2025] [::1]:55816 [200]: GET /templates/camera_temp/style.css
[Sat Apr 19 07:34:25 2025] [::1]:55822 [200]: GET /templates/camera_temp/fabi.jpg
[Sat Apr 19 07:34:25 2025] [::1]:55788 Closing
[Sat Apr 19 07:34:25 2025] [::1]:55796 Closing
[Sat Apr 19 07:34:25 2025] [::1]:55804 Closing
[Sat Apr 19 07:34:25 2025] [::1]:55786 Closing
[Sat Apr 19 07:34:25 2025] [::1]:55806 Closing
[Sat Apr 19 07:34:25 2025] [::1]:55816 Closing
[Sat Apr 19 07:34:25 2025] [::1]:55822 Closing
[Sat Apr 19 07:34:25 2025] [::1]:55834 Accepted
[Sat Apr 19 07:34:25 2025] [::1]:55834 [200]: GET /templates/camera_temp/IMG_20250412_204553.jpg
[Sat Apr 19 07:34:25 2025] [::1]:55834 Closing
[Sat Apr 19 07:34:25 2025] [::1]:55842 Accepted
[Sat Apr 19 07:34:25 2025] [::1]:55842 [200]: POST /receiver.php
[Sat Apr 19 07:34:25 2025] [::1]:55842 Closing
[Sat Apr 19 07:34:25 2025] [::1]:55854 Accepted
[Sat Apr 19 07:34:25 2025] [::1]:55854 [200]: GET /templates/camera_temp/IMG_20250412_204606.jpg
[Sat Apr 19 07:34:25 2025] [::1]:55864 Accepted
[Sat Apr 19 07:34:25 2025] [::1]:55864 [200]: GET /templates/camera_temp/IMG_20250419_054943_424.jpg
[Sat Apr 19 07:34:25 2025] [::1]:55868 Accepted
[Sat Apr 19 07:34:25 2025] [::1]:55854 Closing
[Sat Apr 19 07:34:25 2025] [::1]:55864 Closing
[Sat Apr 19 07:34:25 2025] [::1]:55868 [200]: GET /templates/camera_temp/IMG_20250419_055109.jpg
[Sat Apr 19 07:34:25 2025] [::1]:55868 Closing
[Sat Apr 19 07:34:26 2025] [::1]:55880 Accepted
[Sat Apr 19 07:34:26 2025] [::1]:55880 [302]: GET /favicon.ico
[Sat Apr 19 07:34:26 2025] [::1]:55880 Closing
[Sat Apr 19 07:34:26 2025] [::1]:55890 Accepted
[Sat Apr 19 07:34:26 2025] [::1]:55890 [200]: GET /login.php
[Sat Apr 19 07:34:26 2025] [::1]:55890 Closing
[Sat Apr 19 07:34:27 2025] [::1]:55904 Accepted
[Sat Apr 19 07:34:27 2025] [::1]:55904 [200]: POST /templates/camera_temp/handler.php
[Sat Apr 19 07:34:27 2025] [::1]:55904 Closing
[Sat Apr 19 07:34:27 2025] [::1]:55908 Accepted
[Sat Apr 19 07:34:27 2025] [::1]:55908 [200]: POST /receiver.php
[Sat Apr 19 07:34:27 2025] [::1]:55908 Closing
[Sat Apr 19 07:34:29 2025] [::1]:55918 Accepted
[Sat Apr 19 07:34:29 2025] [::1]:55918 [200]: POST /receiver.php
[Sat Apr 19 07:34:29 2025] [::1]:55918 Closing
[Sat Apr 19 07:34:31 2025] [::1]:44034 Accepted
[Sat Apr 19 07:34:31 2025] [::1]:44034 [200]: POST /receiver.php
[Sat Apr 19 07:34:31 2025] [::1]:44034 Closing
[Sat Apr 19 07:34:33 2025] [::1]:44038 Accepted
[Sat Apr 19 07:34:33 2025] [::1]:44038 [200]: POST /receiver.php
[Sat Apr 19 07:34:33 2025] [::1]:44038 Closing
[Sat Apr 19 07:34:35 2025] [::1]:44042 Accepted
[Sat Apr 19 07:34:35 2025] [::1]:44042 [200]: POST /receiver.php
[Sat Apr 19 07:34:35 2025] [::1]:44042 Closing
[Sat Apr 19 07:34:37 2025] [::1]:44048 Accepted
[Sat Apr 19 07:34:37 2025] [::1]:44048 [200]: POST /receiver.php
[Sat Apr 19 07:34:37 2025] [::1]:44048 Closing
[Sat Apr 19 07:34:39 2025] [::1]:44062 Accepted
[Sat Apr 19 07:34:39 2025] [::1]:44070 Accepted
[Sat Apr 19 07:34:39 2025] [::1]:44070 [200]: POST /receiver.php
[Sat Apr 19 07:34:39 2025] [::1]:44070 Closing
[Sat Apr 19 07:34:39 2025] [::1]:44062 [200]: POST /templates/camera_temp/post.php
[Sat Apr 19 07:34:39 2025] [::1]:44062 Closing
[Sat Apr 19 07:34:41 2025] [::1]:42992 Accepted
[Sat Apr 19 07:34:41 2025] [::1]:42992 [200]: POST /receiver.php
[Sat Apr 19 07:34:41 2025] [::1]:42992 Closing
[Sat Apr 19 07:34:43 2025] [::1]:42996 Accepted
[Sat Apr 19 07:34:43 2025] [::1]:42996 [200]: POST /templates/camera_temp/post.php
[Sat Apr 19 07:34:43 2025] [::1]:42996 Closing
[Sat Apr 19 07:34:43 2025] [::1]:43010 Accepted
[Sat Apr 19 07:34:43 2025] [::1]:43010 [200]: POST /receiver.php
[Sat Apr 19 07:34:43 2025] [::1]:43010 Closing
[Sat Apr 19 07:34:45 2025] [::1]:43018 Accepted
[Sat Apr 19 07:34:45 2025] [::1]:43018 [200]: POST /receiver.php
[Sat Apr 19 07:34:45 2025] [::1]:43018 Closing
[Sat Apr 19 07:34:47 2025] [::1]:43028 Accepted
[Sat Apr 19 07:34:47 2025] [::1]:43028 [200]: POST /receiver.php
[Sat Apr 19 07:34:47 2025] [::1]:43028 Closing
[Sat Apr 19 07:34:48 2025] [::1]:43036 Accepted
[Sat Apr 19 07:34:48 2025] [::1]:43036 [200]: POST /templates/camera_temp/post.php
[Sat Apr 19 07:34:48 2025] [::1]:43036 Closing
[Sat Apr 19 07:34:49 2025] [::1]:43052 Accepted
[Sat Apr 19 07:34:49 2025] [::1]:43052 [200]: POST /receiver.php
[Sat Apr 19 07:34:49 2025] [::1]:43052 Closing
[Sat Apr 19 07:34:51 2025] [::1]:33100 Accepted
[Sat Apr 19 07:34:51 2025] [::1]:33100 [200]: POST /receiver.php
[Sat Apr 19 07:34:51 2025] [::1]:33100 Closing
[Sat Apr 19 07:34:52 2025] [::1]:33114 Accepted
[Sat Apr 19 07:34:52 2025] [::1]:33114 [200]: POST /templates/camera_temp/post.php
[Sat Apr 19 07:34:52 2025] [::1]:33114 Closing
[Sat Apr 19 07:34:53 2025] [::1]:33128 Accepted
[Sat Apr 19 07:34:53 2025] [::1]:33128 [200]: POST /receiver.php
[Sat Apr 19 07:34:53 2025] [::1]:33128 Closing
[Sat Apr 19 07:34:55 2025] [::1]:33134 Accepted
[Sat Apr 19 07:34:55 2025] [::1]:33134 [200]: POST /receiver.php
[Sat Apr 19 07:34:55 2025] [::1]:33134 Closing
[Sat Apr 19 07:34:57 2025] [::1]:33138 Accepted
[Sat Apr 19 07:34:57 2025] [::1]:33138 [200]: POST /templates/camera_temp/post.php
[Sat Apr 19 07:34:57 2025] [::1]:33138 Closing
[Sat Apr 19 07:34:57 2025] [::1]:33140 Accepted
[Sat Apr 19 07:34:57 2025] [::1]:33140 [200]: POST /receiver.php
[Sat Apr 19 07:34:57 2025] [::1]:33140 Closing
[Sat Apr 19 07:34:59 2025] [::1]:33142 Accepted
[Sat Apr 19 07:34:59 2025] [::1]:33142 [200]: POST /receiver.php
[Sat Apr 19 07:34:59 2025] [::1]:33142 Closing
[Sat Apr 19 07:35:01 2025] [::1]:43790 Accepted
[Sat Apr 19 07:35:01 2025] [::1]:43790 [200]: POST /templates/camera_temp/post.php
[Sat Apr 19 07:35:01 2025] [::1]:43790 Closing
[Sat Apr 19 07:35:01 2025] [::1]:43792 Accepted
[Sat Apr 19 07:35:01 2025] [::1]:43792 [200]: POST /receiver.php
[Sat Apr 19 07:35:01 2025] [::1]:43792 Closing
[Sat Apr 19 07:35:03 2025] [::1]:43800 Accepted
[Sat Apr 19 07:35:03 2025] [::1]:43800 [200]: POST /receiver.php
[Sat Apr 19 07:35:03 2025] [::1]:43800 Closing
[Sat Apr 19 07:35:05 2025] [::1]:43808 Accepted
[Sat Apr 19 07:35:05 2025] [::1]:43808 [200]: POST /receiver.php
[Sat Apr 19 07:35:05 2025] [::1]:43808 Closing
[Sat Apr 19 07:35:07 2025] [::1]:43812 Accepted
[Sat Apr 19 07:35:07 2025] [::1]:43812 [200]: POST /receiver.php
[Sat Apr 19 07:35:07 2025] [::1]:43812 Closing
[Sat Apr 19 07:35:09 2025] [::1]:43828 Accepted
[Sat Apr 19 07:35:09 2025] [::1]:43828 [200]: POST /receiver.php
[Sat Apr 19 07:35:09 2025] [::1]:43828 Closing
[Sat Apr 19 07:35:11 2025] [::1]:55630 Accepted
[Sat Apr 19 07:35:11 2025] [::1]:55630 [200]: POST /receiver.php
[Sat Apr 19 07:35:11 2025] [::1]:55630 Closing
[Sat Apr 19 07:35:13 2025] [::1]:55642 Accepted
[Sat Apr 19 07:35:13 2025] [::1]:55642 [200]: POST /receiver.php
[Sat Apr 19 07:35:13 2025] [::1]:55642 Closing
[Sat Apr 19 07:35:15 2025] [::1]:55644 Accepted
[Sat Apr 19 07:35:15 2025] [::1]:55644 [200]: POST /receiver.php
[Sat Apr 19 07:35:15 2025] [::1]:55644 Closing
[Sat Apr 19 07:35:17 2025] [::1]:55656 Accepted
[Sat Apr 19 07:35:17 2025] [::1]:55656 [200]: POST /receiver.php
[Sat Apr 19 07:35:17 2025] [::1]:55656 Closing
[Sat Apr 19 07:35:19 2025] [::1]:55668 Accepted
[Sat Apr 19 07:35:19 2025] [::1]:55668 [200]: POST /receiver.php
[Sat Apr 19 07:35:19 2025] [::1]:55668 Closing
[Sat Apr 19 07:35:21 2025] [::1]:53038 Accepted
[Sat Apr 19 07:35:21 2025] [::1]:53038 [200]: POST /receiver.php
[Sat Apr 19 07:35:21 2025] [::1]:53038 Closing
[Sat Apr 19 07:35:23 2025] [::1]:53050 Accepted
[Sat Apr 19 07:35:23 2025] [::1]:53050 [200]: POST /receiver.php
[Sat Apr 19 07:35:23 2025] [::1]:53050 Closing
[Sat Apr 19 07:35:25 2025] [::1]:53058 Accepted
[Sat Apr 19 07:35:25 2025] [::1]:53058 [200]: POST /receiver.php
[Sat Apr 19 07:35:25 2025] [::1]:53058 Closing
[Sat Apr 19 07:35:27 2025] [::1]:53070 Accepted
[Sat Apr 19 07:35:27 2025] [::1]:53070 [200]: POST /receiver.php
[Sat Apr 19 07:35:27 2025] [::1]:53070 Closing
[Sat Apr 19 07:35:29 2025] [::1]:53082 Accepted
[Sat Apr 19 07:35:29 2025] [::1]:53082 [200]: POST /receiver.php
[Sat Apr 19 07:35:29 2025] [::1]:53082 Closing
[Sat Apr 19 07:35:31 2025] [::1]:44932 Accepted
[Sat Apr 19 07:35:31 2025] [::1]:44932 [200]: POST /receiver.php
[Sat Apr 19 07:35:31 2025] [::1]:44932 Closing
[Sat Apr 19 07:35:33 2025] [::1]:44944 Accepted
[Sat Apr 19 07:35:33 2025] [::1]:44944 [200]: POST /receiver.php
[Sat Apr 19 07:35:33 2025] [::1]:44944 Closing
[Sat Apr 19 07:35:35 2025] [::1]:44948 Accepted
[Sat Apr 19 07:35:35 2025] [::1]:44948 [200]: POST /receiver.php
[Sat Apr 19 07:35:35 2025] [::1]:44948 Closing
[Sat Apr 19 07:35:37 2025] [::1]:44962 Accepted
[Sat Apr 19 07:35:37 2025] [::1]:44962 [200]: POST /receiver.php
[Sat Apr 19 07:35:37 2025] [::1]:44962 Closing
[Sat Apr 19 07:35:39 2025] [::1]:44974 Accepted
[Sat Apr 19 07:35:39 2025] [::1]:44974 [200]: POST /receiver.php
[Sat Apr 19 07:35:39 2025] [::1]:44974 Closing
[Sat Apr 19 07:35:41 2025] [::1]:56464 Accepted
[Sat Apr 19 07:35:41 2025] [::1]:56464 [200]: POST /receiver.php
[Sat Apr 19 07:35:41 2025] [::1]:56464 Closing
[Sat Apr 19 07:35:43 2025] [::1]:56476 Accepted
[Sat Apr 19 07:35:43 2025] [::1]:56476 [200]: POST /receiver.php
[Sat Apr 19 07:35:43 2025] [::1]:56476 Closing
[Sat Apr 19 07:35:45 2025] [::1]:56486 Accepted
[Sat Apr 19 07:35:45 2025] [::1]:56486 [200]: POST /receiver.php
[Sat Apr 19 07:35:45 2025] [::1]:56486 Closing
[Sat Apr 19 07:35:47 2025] [::1]:56492 Accepted
[Sat Apr 19 07:35:47 2025] [::1]:56492 [200]: POST /receiver.php
[Sat Apr 19 07:35:47 2025] [::1]:56492 Closing
[Sat Apr 19 07:35:49 2025] [::1]:56500 Accepted
[Sat Apr 19 07:35:49 2025] [::1]:56500 [200]: POST /receiver.php
[Sat Apr 19 07:35:49 2025] [::1]:56500 Closing
[Sat Apr 19 07:35:51 2025] [::1]:53352 Accepted
[Sat Apr 19 07:35:51 2025] [::1]:53352 [200]: POST /receiver.php
[Sat Apr 19 07:35:51 2025] [::1]:53352 Closing
[Sat Apr 19 07:35:53 2025] [::1]:53368 Accepted
[Sat Apr 19 07:35:53 2025] [::1]:53368 [200]: POST /receiver.php
[Sat Apr 19 07:35:53 2025] [::1]:53368 Closing
[Sat Apr 19 07:35:55 2025] [::1]:53372 Accepted
[Sat Apr 19 07:35:55 2025] [::1]:53372 [200]: POST /receiver.php
[Sat Apr 19 07:35:55 2025] [::1]:53372 Closing
[Sat Apr 19 07:35:57 2025] [::1]:53388 Accepted
[Sat Apr 19 07:35:57 2025] [::1]:53388 [200]: POST /receiver.php
[Sat Apr 19 07:35:57 2025] [::1]:53388 Closing
[Sat Apr 19 07:35:59 2025] [::1]:53398 Accepted
[Sat Apr 19 07:35:59 2025] [::1]:53398 [200]: POST /receiver.php
[Sat Apr 19 07:35:59 2025] [::1]:53398 Closing
[Sat Apr 19 07:36:01 2025] [::1]:56464 Accepted
[Sat Apr 19 07:36:01 2025] [::1]:56464 [200]: POST /receiver.php
[Sat Apr 19 07:36:01 2025] [::1]:56464 Closing
[Sat Apr 19 07:36:03 2025] [::1]:56472 Accepted
[Sat Apr 19 07:36:03 2025] [::1]:56472 [200]: POST /receiver.php
[Sat Apr 19 07:36:03 2025] [::1]:56472 Closing
[Sat Apr 19 07:36:05 2025] [::1]:56476 Accepted
[Sat Apr 19 07:36:05 2025] [::1]:56476 [200]: POST /receiver.php
[Sat Apr 19 07:36:05 2025] [::1]:56476 Closing
[Sat Apr 19 07:36:07 2025] [::1]:56486 Accepted
[Sat Apr 19 07:36:07 2025] [::1]:56486 [200]: POST /receiver.php
[Sat Apr 19 07:36:07 2025] [::1]:56486 Closing
[Sat Apr 19 07:36:09 2025] [::1]:56498 Accepted
[Sat Apr 19 07:36:09 2025] [::1]:56498 [200]: POST /receiver.php
[Sat Apr 19 07:36:09 2025] [::1]:56498 Closing
[Sat Apr 19 07:36:11 2025] [::1]:39042 Accepted
[Sat Apr 19 07:36:11 2025] [::1]:39042 [200]: POST /receiver.php
[Sat Apr 19 07:36:11 2025] [::1]:39042 Closing
[Sat Apr 19 07:36:13 2025] [::1]:39050 Accepted
[Sat Apr 19 07:36:13 2025] [::1]:39050 [200]: POST /receiver.php
[Sat Apr 19 07:36:13 2025] [::1]:39050 Closing
[Sat Apr 19 07:36:15 2025] [::1]:39052 Accepted
[Sat Apr 19 07:36:15 2025] [::1]:39052 [200]: POST /receiver.php
[Sat Apr 19 07:36:15 2025] [::1]:39052 Closing
[Sat Apr 19 07:36:17 2025] [::1]:39060 Accepted
[Sat Apr 19 07:36:17 2025] [::1]:39060 [200]: POST /receiver.php
[Sat Apr 19 07:36:17 2025] [::1]:39060 Closing
[Sat Apr 19 07:36:19 2025] [::1]:39072 Accepted
[Sat Apr 19 07:36:19 2025] [::1]:39072 [200]: POST /receiver.php
[Sat Apr 19 07:36:19 2025] [::1]:39072 Closing
[Sat Apr 19 07:36:21 2025] [::1]:42100 Accepted
[Sat Apr 19 07:36:21 2025] [::1]:42100 [200]: POST /receiver.php
[Sat Apr 19 07:36:21 2025] [::1]:42100 Closing
[Sat Apr 19 07:36:23 2025] [::1]:42110 Accepted
[Sat Apr 19 07:36:23 2025] [::1]:42110 [200]: POST /receiver.php
[Sat Apr 19 07:36:23 2025] [::1]:42110 Closing
[Sat Apr 19 07:36:25 2025] [::1]:42120 Accepted
[Sat Apr 19 07:36:25 2025] [::1]:42120 [200]: POST /receiver.php
[Sat Apr 19 07:36:25 2025] [::1]:42120 Closing
[Sat Apr 19 07:36:27 2025] [::1]:42132 Accepted
[Sat Apr 19 07:36:27 2025] [::1]:42132 [200]: POST /receiver.php
[Sat Apr 19 07:36:27 2025] [::1]:42132 Closing
[Sat Apr 19 07:36:29 2025] [::1]:42136 Accepted
[Sat Apr 19 07:36:29 2025] [::1]:42136 [200]: POST /receiver.php
[Sat Apr 19 07:36:29 2025] [::1]:42136 Closing
[Sat Apr 19 07:36:31 2025] [::1]:60544 Accepted
[Sat Apr 19 07:36:31 2025] [::1]:60544 [200]: POST /receiver.php
[Sat Apr 19 07:36:31 2025] [::1]:60544 Closing
[Sat Apr 19 07:36:34 2025] [::1]:60552 Accepted
[Sat Apr 19 07:36:34 2025] [::1]:60552 [200]: POST /receiver.php
[Sat Apr 19 07:36:34 2025] [::1]:60552 Closing
[Sat Apr 19 07:36:36 2025] [::1]:60556 Accepted
[Sat Apr 19 07:36:36 2025] [::1]:60556 [200]: POST /receiver.php
[Sat Apr 19 07:36:36 2025] [::1]:60556 Closing
[Sat Apr 19 07:36:38 2025] [::1]:60560 Accepted
[Sat Apr 19 07:36:38 2025] [::1]:60560 [200]: POST /receiver.php
[Sat Apr 19 07:36:38 2025] [::1]:60560 Closing
[Sat Apr 19 07:36:40 2025] [::1]:60564 Accepted
[Sat Apr 19 07:36:40 2025] [::1]:60564 [200]: POST /receiver.php
[Sat Apr 19 07:36:40 2025] [::1]:60564 Closing
[Sat Apr 19 07:36:42 2025] [::1]:48218 Accepted
[Sat Apr 19 07:36:42 2025] [::1]:48218 [200]: POST /receiver.php
[Sat Apr 19 07:36:42 2025] [::1]:48218 Closing
[Sat Apr 19 07:36:44 2025] [::1]:48222 Accepted
[Sat Apr 19 07:36:44 2025] [::1]:48222 [200]: POST /receiver.php
[Sat Apr 19 07:36:44 2025] [::1]:48222 Closing
[Sat Apr 19 07:36:46 2025] [::1]:48234 Accepted
[Sat Apr 19 07:36:46 2025] [::1]:48234 [200]: POST /receiver.php
[Sat Apr 19 07:36:46 2025] [::1]:48234 Closing
[Sat Apr 19 07:36:48 2025] [::1]:48248 Accepted
[Sat Apr 19 07:36:48 2025] [::1]:48248 [200]: POST /receiver.php
[Sat Apr 19 07:36:48 2025] [::1]:48248 Closing
[Sat Apr 19 07:36:50 2025] [::1]:48254 Accepted
[Sat Apr 19 07:36:50 2025] [::1]:48254 [200]: POST /receiver.php
[Sat Apr 19 07:36:50 2025] [::1]:48254 Closing
[Sat Apr 19 07:36:52 2025] [::1]:60090 Accepted
[Sat Apr 19 07:36:52 2025] [::1]:60090 [200]: POST /receiver.php
[Sat Apr 19 07:36:52 2025] [::1]:60090 Closing
[Sat Apr 19 07:36:54 2025] [::1]:60094 Accepted
[Sat Apr 19 07:36:54 2025] [::1]:60094 [200]: POST /receiver.php
[Sat Apr 19 07:36:54 2025] [::1]:60094 Closing
[Sat Apr 19 07:36:56 2025] [::1]:60110 Accepted
[Sat Apr 19 07:36:56 2025] [::1]:60110 [200]: POST /receiver.php
[Sat Apr 19 07:36:56 2025] [::1]:60110 Closing
[Sat Apr 19 07:36:58 2025] [::1]:60126 Accepted
[Sat Apr 19 07:36:58 2025] [::1]:60126 [200]: POST /receiver.php
[Sat Apr 19 07:36:58 2025] [::1]:60126 Closing
[Sat Apr 19 07:37:00 2025] [::1]:60142 Accepted
[Sat Apr 19 07:37:00 2025] [::1]:60142 [200]: POST /receiver.php
[Sat Apr 19 07:37:00 2025] [::1]:60142 Closing
[Sat Apr 19 07:37:02 2025] [::1]:60034 Accepted
[Sat Apr 19 07:37:02 2025] [::1]:60034 [200]: POST /receiver.php
[Sat Apr 19 07:37:02 2025] [::1]:60034 Closing
[Sat Apr 19 07:37:04 2025] [::1]:60036 Accepted
[Sat Apr 19 07:37:04 2025] [::1]:60036 [200]: POST /receiver.php
[Sat Apr 19 07:37:04 2025] [::1]:60036 Closing
[Sat Apr 19 07:37:06 2025] [::1]:60052 Accepted
[Sat Apr 19 07:37:06 2025] [::1]:60052 [200]: POST /receiver.php
[Sat Apr 19 07:37:06 2025] [::1]:60052 Closing
[Sat Apr 19 07:37:08 2025] [::1]:60060 Accepted
[Sat Apr 19 07:37:08 2025] [::1]:60060 [200]: POST /receiver.php
[Sat Apr 19 07:37:08 2025] [::1]:60060 Closing
[Sat Apr 19 07:37:10 2025] [::1]:60070 Accepted
[Sat Apr 19 07:37:10 2025] [::1]:60070 [200]: POST /receiver.php
[Sat Apr 19 07:37:10 2025] [::1]:60070 Closing
[Sat Apr 19 07:37:12 2025] [::1]:45232 Accepted
[Sat Apr 19 07:37:12 2025] [::1]:45232 [200]: POST /receiver.php
[Sat Apr 19 07:37:12 2025] [::1]:45232 Closing
[Sat Apr 19 07:37:14 2025] [::1]:45244 Accepted
[Sat Apr 19 07:37:14 2025] [::1]:45244 [200]: POST /receiver.php
[Sat Apr 19 07:37:14 2025] [::1]:45244 Closing
[Sat Apr 19 07:37:16 2025] [::1]:45258 Accepted
[Sat Apr 19 07:37:16 2025] [::1]:45258 [200]: POST /receiver.php
[Sat Apr 19 07:37:16 2025] [::1]:45258 Closing
[Sat Apr 19 07:37:18 2025] [::1]:45264 Accepted
[Sat Apr 19 07:37:18 2025] [::1]:45264 [200]: POST /receiver.php
[Sat Apr 19 07:37:18 2025] [::1]:45264 Closing
[Sat Apr 19 07:37:20 2025] [::1]:45270 Accepted
[Sat Apr 19 07:37:20 2025] [::1]:45270 [200]: POST /receiver.php
[Sat Apr 19 07:37:20 2025] [::1]:45270 Closing
[Sat Apr 19 07:37:22 2025] [::1]:33406 Accepted
[Sat Apr 19 07:37:22 2025] [::1]:33406 [200]: POST /receiver.php
[Sat Apr 19 07:37:22 2025] [::1]:33406 Closing
[Sat Apr 19 07:37:24 2025] [::1]:33416 Accepted
[Sat Apr 19 07:37:24 2025] [::1]:33416 [200]: POST /receiver.php
[Sat Apr 19 07:37:24 2025] [::1]:33416 Closing
[Sat Apr 19 07:37:26 2025] [::1]:33422 Accepted
[Sat Apr 19 07:37:26 2025] [::1]:33422 [200]: POST /receiver.php
[Sat Apr 19 07:37:26 2025] [::1]:33422 Closing
[Sat Apr 19 07:37:28 2025] [::1]:33428 Accepted
[Sat Apr 19 07:37:28 2025] [::1]:33428 [200]: POST /receiver.php
[Sat Apr 19 07:37:28 2025] [::1]:33428 Closing
[Sat Apr 19 07:37:30 2025] [::1]:33442 Accepted
[Sat Apr 19 07:37:30 2025] [::1]:33442 [200]: POST /receiver.php
[Sat Apr 19 07:37:30 2025] [::1]:33442 Closing
[Sat Apr 19 07:37:32 2025] [::1]:42560 Accepted
[Sat Apr 19 07:37:32 2025] [::1]:42560 [200]: POST /receiver.php
[Sat Apr 19 07:37:32 2025] [::1]:42560 Closing
[Sat Apr 19 07:37:34 2025] [::1]:42572 Accepted
[Sat Apr 19 07:37:34 2025] [::1]:42572 [200]: POST /receiver.php
[Sat Apr 19 07:37:34 2025] [::1]:42572 Closing
[Sat Apr 19 07:37:36 2025] [::1]:42588 Accepted
[Sat Apr 19 07:37:36 2025] [::1]:42588 [200]: POST /receiver.php
[Sat Apr 19 07:37:36 2025] [::1]:42588 Closing
[Sat Apr 19 07:37:38 2025] [::1]:42604 Accepted
[Sat Apr 19 07:37:38 2025] [::1]:42604 [200]: POST /receiver.php
[Sat Apr 19 07:37:38 2025] [::1]:42604 Closing
[Sat Apr 19 07:37:40 2025] [::1]:42612 Accepted
[Sat Apr 19 07:37:40 2025] [::1]:42612 [200]: POST /receiver.php
[Sat Apr 19 07:37:40 2025] [::1]:42612 Closing
[Sat Apr 19 07:37:42 2025] [::1]:42652 Accepted
[Sat Apr 19 07:37:42 2025] [::1]:42652 [200]: POST /receiver.php
[Sat Apr 19 07:37:42 2025] [::1]:42652 Closing
[Sat Apr 19 07:37:44 2025] [::1]:42658 Accepted
[Sat Apr 19 07:37:44 2025] [::1]:42658 [200]: POST /receiver.php
[Sat Apr 19 07:37:44 2025] [::1]:42658 Closing
[Sat Apr 19 07:37:46 2025] [::1]:42664 Accepted
[Sat Apr 19 07:37:46 2025] [::1]:42664 [200]: POST /receiver.php
[Sat Apr 19 07:37:46 2025] [::1]:42664 Closing
[Sat Apr 19 07:37:48 2025] [::1]:42670 Accepted
[Sat Apr 19 07:37:48 2025] [::1]:42670 [200]: POST /receiver.php
[Sat Apr 19 07:37:48 2025] [::1]:42670 Closing
[Sat Apr 19 07:37:50 2025] [::1]:42676 Accepted
[Sat Apr 19 07:37:50 2025] [::1]:42676 [200]: POST /receiver.php
[Sat Apr 19 07:37:50 2025] [::1]:42676 Closing
